0 info it worked if it ends with ok
1 verbose cli [ '/Users/joel/.nvm/v0.10.13/bin/node',
1 verbose cli   '/Users/joel/.nvm/v0.10.13/bin/npm',
1 verbose cli   'install',
1 verbose cli   'bower' ]
2 info using npm@1.3.2
3 info using node@v0.10.13
4 verbose cache add [ 'bower', null ]
5 verbose cache add name=undefined spec="bower" args=["bower",null]
6 verbose parsed url { protocol: null,
6 verbose parsed url   slashes: null,
6 verbose parsed url   auth: null,
6 verbose parsed url   host: null,
6 verbose parsed url   port: null,
6 verbose parsed url   hostname: null,
6 verbose parsed url   hash: null,
6 verbose parsed url   search: null,
6 verbose parsed url   query: null,
6 verbose parsed url   pathname: 'bower',
6 verbose parsed url   path: 'bower',
6 verbose parsed url   href: 'bower' }
7 silly lockFile 206e3ce5-bower bower
8 verbose lock bower /Users/joel/.npm/206e3ce5-bower.lock
9 silly lockFile 206e3ce5-bower bower
10 silly lockFile 206e3ce5-bower bower
11 verbose addNamed [ 'bower', '' ]
12 verbose addNamed [ null, '*' ]
13 silly lockFile 1240aab1-bower bower@
14 verbose lock bower@ /Users/joel/.npm/1240aab1-bower.lock
15 silly addNameRange { name: 'bower', range: '*', hasData: false }
16 verbose url raw bower
17 verbose url resolving [ 'https://registry.npmjs.org/', './bower' ]
18 verbose url resolved https://registry.npmjs.org/bower
19 info trying registry request attempt 1 at 17:39:29
20 http GET https://registry.npmjs.org/bower
21 info retry will retry, error on last attempt: Error: connect ECONNREFUSED
22 info trying registry request attempt 2 at 17:39:39
23 http GET https://registry.npmjs.org/bower
24 info retry will retry, error on last attempt: Error: connect ECONNREFUSED
25 info trying registry request attempt 3 at 17:40:40
26 http GET https://registry.npmjs.org/bower
27 silly lockFile 1240aab1-bower bower@
28 silly lockFile 1240aab1-bower bower@
29 error Error: connect ECONNREFUSED
29 error     at errnoException (net.js:901:11)
29 error     at Object.afterConnect [as oncomplete] (net.js:892:19)
29 error  { [Error: connect ECONNREFUSED]
29 error   code: 'ECONNREFUSED',
29 error   errno: 'ECONNREFUSED',
29 error   syscall: 'connect' }
30 error If you are behind a proxy, please make sure that the
30 error 'proxy' config is set properly.  See: 'npm help config'
31 error System Darwin 12.4.1
32 error command "/Users/joel/.nvm/v0.10.13/bin/node" "/Users/joel/.nvm/v0.10.13/bin/npm" "install" "bower"
33 error cwd /Users/joel/Projects/honest/honest-ladder
34 error node -v v0.10.13
35 error npm -v 1.3.2
36 error syscall connect
37 error code ECONNREFUSED
38 error errno ECONNREFUSED
39 error stack Error: connect ECONNREFUSED
39 error stack     at errnoException (net.js:901:11)
39 error stack     at Object.afterConnect [as oncomplete] (net.js:892:19)
40 verbose exit [ 1, true ]
